0 info it worked if it ends with ok
1 verbose cli [ '/usr/bin/nodejs', '/usr/bin/npm', 'run', 'build' ]
2 info using npm@3.5.2
3 info using node@v4.2.6
4 verbose run-script [ 'prebuild', 'build', 'postbuild' ]
5 info lifecycle eecsoh.org@1.0.0~prebuild: eecsoh.org@1.0.0
6 silly lifecycle eecsoh.org@1.0.0~prebuild: no script for prebuild, continuing
7 info lifecycle eecsoh.org@1.0.0~build: eecsoh.org@1.0.0
8 verbose lifecycle eecsoh.org@1.0.0~build: unsafe-perm in lifecycle true
9 verbose lifecycle eecsoh.org@1.0.0~build: PATH: /usr/share/npm/bin/node-gyp-bin:/mnt/c/Users/james/Desktop/surface/umich/help_queue/node_modules/.bin:/opt/oclint/oclint-0.13.1/bin:/home/jjuett/bin:/home/jjuett/.local/bin:/usr/local/sbin:/usr/local/bin:/usr/sbin:/usr/bin:/sbin:/bin:/usr/games:/usr/local/games:/mnt/c/Windows/System32:/mnt/c/Windows:/mnt/c/Windows/System32/wbem:/mnt/c/Windows/System32/WindowsPowerShell/v1.0:/mnt/c/HashiCorp/Vagrant/bin:/mnt/c/Program Files (x86)/Skype/Phone:/mnt/c/Program Files/MATLAB/R2017b/runtime/win64:/mnt/c/Program Files/MATLAB/R2017b/bin:/mnt/c/Windows/System32/OpenSSH:/mnt/c/Users/james/AppData/Local/Microsoft/WindowsApps:/mnt/c/Program Files/Microsoft VS Code/bin:/mnt/c/Users/james/AppData/Local/Programs/MiKTeX 2.9/miktex/bin/x64:/snap/bin
10 verbose lifecycle eecsoh.org@1.0.0~build: CWD: /mnt/c/Users/james/Desktop/surface/umich/help_queue
11 silly lifecycle eecsoh.org@1.0.0~build: Args: [ '-c', 'webpack' ]
12 silly lifecycle eecsoh.org@1.0.0~build: Returned: code: 2  signal: null
13 info lifecycle eecsoh.org@1.0.0~build: Failed to exec build script
14 verbose stack Error: eecsoh.org@1.0.0 build: `webpack`
14 verbose stack Exit status 2
14 verbose stack     at EventEmitter.<anonymous> (/usr/share/npm/lib/utils/lifecycle.js:232:16)
14 verbose stack     at emitTwo (events.js:87:13)
14 verbose stack     at EventEmitter.emit (events.js:172:7)
14 verbose stack     at ChildProcess.<anonymous> (/usr/share/npm/lib/utils/spawn.js:24:14)
14 verbose stack     at emitTwo (events.js:87:13)
14 verbose stack     at ChildProcess.emit (events.js:172:7)
14 verbose stack     at maybeClose (internal/child_process.js:821:16)
14 verbose stack     at Process.ChildProcess._handle.onexit (internal/child_process.js:211:5)
15 verbose pkgid eecsoh.org@1.0.0
16 verbose cwd /mnt/c/Users/james/Desktop/surface/umich/help_queue
17 error Linux 4.4.0-17134-Microsoft
18 error argv "/usr/bin/nodejs" "/usr/bin/npm" "run" "build"
19 error node v4.2.6
20 error npm  v3.5.2
21 error code ELIFECYCLE
22 error eecsoh.org@1.0.0 build: `webpack`
22 error Exit status 2
23 error Failed at the eecsoh.org@1.0.0 build script 'webpack'.
23 error Make sure you have the latest version of node.js and npm installed.
23 error If you do, this is most likely a problem with the eecsoh.org package,
23 error not with npm itself.
23 error Tell the author that this fails on your system:
23 error     webpack
23 error You can get information on how to open an issue for this project with:
23 error     npm bugs eecsoh.org
23 error Or if that isn't available, you can get their info via:
23 error     npm owner ls eecsoh.org
23 error There is likely additional logging output above.
24 verbose exit [ 1, true ]
